app/build/outputs/logs/manifest-merger-debug-report.txt
-- Merging decision tree log ---
manifest
ADDED from src\main\AndroidManifest.xml:2:1-74:12
	xmlns:android
		ADDED from src\main\AndroidManifest.xml:2:11-69
	package
		ADDED from src\main\AndroidManifest.xml:3:5-38
		INJECTED from src\main\AndroidManifest.xml
		INJECTED from src\main\AndroidManifest.xml
	android:versionName
		ADDED from src\main\AndroidManifest.xml:5:5-30
		INJECTED from src\main\AndroidManifest.xml
		INJECTED from src\main\AndroidManifest.xml
	android:versionCode
		ADDED from src\main\AndroidManifest.xml:4:5-28
		INJECTED from src\main\AndroidManifest.xml
		INJECTED from src\main\AndroidManifest.xml
uses-sdk
ADDED from src\main\AndroidManifest.xml:7:5-9:41
MERGED from [org.osmdroid:osmdroid-android:5.0.1] AndroidManifest.xml:4:2-69
	android:targetSdkVersion
		ADDED from src\main\AndroidManifest.xml:9:9-38
		INJECTED from src\main\AndroidManifest.xml
		INJECTED from src\main\AndroidManifest.xml
	android:minSdkVersion
		ADDED from src\main\AndroidManifest.xml:8:9-34
		INJECTED from src\main\AndroidManifest.xml
		INJECTED from src\main\AndroidManifest.xml
uses-permission#android.permission.ACCESS_FINE_LOCATION
ADDED from src\main\AndroidManifest.xml:11:5-79
MERGED from [org.osmdroid:osmdroid-android:5.0.1] AndroidManifest.xml:7:2-75
	android:name
		ADDED from src\main\AndroidManifest.xml:11:22-76
uses-permission#android.permission.ACCESS_COARSE_LOCATION
ADDED from src\main\AndroidManifest.xml:12:5-81
MERGED from [org.osmdroid:osmdroid-android:5.0.1] AndroidManifest.xml:8:2-77
	android:name
		ADDED from src\main\AndroidManifest.xml:12:22-78
uses-permission#android.permission.ACCESS_WIFI_STATE
ADDED from src\main\AndroidManifest.xml:13:5-76
MERGED from [org.osmdroid:osmdroid-android:5.0.1] AndroidManifest.xml:9:2-72
	android:name
		ADDED from src\main\AndroidManifest.xml:13:22-73
uses-permission#android.permission.ACCESS_NETWORK_STATE
ADDED from src\main\AndroidManifest.xml:14:5-79
MERGED from [org.osmdroid:osmdroid-android:5.0.1] AndroidManifest.xml:10:2-75
	android:name
		ADDED from src\main\AndroidManifest.xml:14:22-76
uses-permission#android.permission.INTERNET
ADDED from src\main\AndroidManifest.xml:15:5-67
MERGED from [org.osmdroid:osmdroid-android:5.0.1] AndroidManifest.xml:11:2-63
	android:name
		ADDED from src\main\AndroidManifest.xml:15:22-64
uses-permission#android.permission.WRITE_EXTERNAL_STORAGE
ADDED from src\main\AndroidManifest.xml:16:5-81
MERGED from [org.osmdroid:osmdroid-android:5.0.1] AndroidManifest.xml:12:2-77
	android:name
		ADDED from src\main\AndroidManifest.xml:16:22-78
uses-permission#android.permission.CAMERA
ADDED from src\main\AndroidManifest.xml:17:5-65
	android:name
		ADDED from src\main\AndroidManifest.xml:17:22-62
uses-feature#android.hardware.location.network
ADDED from src\main\AndroidManifest.xml:19:5-70
MERGED from [org.osmdroid:osmdroid-android:5.0.1] AndroidManifest.xml:15:2-91
	android:name
		ADDED from src\main\AndroidManifest.xml:19:19-67
uses-feature#android.hardware.location.gps
ADDED from src\main\AndroidManifest.xml:20:5-66
MERGED from [org.osmdroid:osmdroid-android:5.0.1] AndroidManifest.xml:16:2-87
	android:name
		ADDED from src\main\AndroidManifest.xml:20:19-63
uses-feature#android.hardware.wifi
ADDED from src\main\AndroidManifest.xml:21:5-58
MERGED from [org.osmdroid:osmdroid-android:5.0.1] AndroidManifest.xml:18:2-79
	android:name
		ADDED from src\main\AndroidManifest.xml:21:19-55
uses-feature#android.hardware.camera
ADDED from src\main\AndroidManifest.xml:22:5-60
	android:name
		ADDED from src\main\AndroidManifest.xml:22:19-57
application
ADDED from src\main\AndroidManifest.xml:24:5-72:19
	android:label
		ADDED from src\main\AndroidManifest.xml:27:9-41
	android:allowBackup
		ADDED from src\main\AndroidManifest.xml:25:9-35
	android:icon
		ADDED from src\main\AndroidManifest.xml:26:9-45
activity#de.schulz.problemmelder.MainActivity
ADDED from src\main\AndroidManifest.xml:30:9-38:20
	android:label
		ADDED from src\main\AndroidManifest.xml:32:13-45
	android:name
		ADDED from src\main\AndroidManifest.xml:31:13-64
intent-filter#android.intent.action.MAIN+android.intent.category.LAUNCHER
ADDED from src\main\AndroidManifest.xml:33:13-37:29
action#android.intent.action.MAIN
ADDED from src\main\AndroidManifest.xml:34:17-69
	android:name
		ADDED from src\main\AndroidManifest.xml:34:25-66
category#android.intent.category.LAUNCHER
ADDED from src\main\AndroidManifest.xml:36:17-77
	android:name
		ADDED from src\main\AndroidManifest.xml:36:27-74
activity#de.schulz.problemmelder.CameraActivity
ADDED from src\main\AndroidManifest.xml:39:9-43:20
	android:label
		ADDED from src\main\AndroidManifest.xml:41:13-45
	android:configChanges
		ADDED from src\main\AndroidManifest.xml:42:13-74
	android:name
		ADDED from src\main\AndroidManifest.xml:40:13-66
activity#de.schulz.problemmelder.MapOsm
ADDED from src\main\AndroidManifest.xml:44:9-48:27
	android:label
		ADDED from src\main\AndroidManifest.xml:46:13-45
	android:theme
		ADDED from src\main\AndroidManifest.xml:47:13-71
	android:name
		ADDED from src\main\AndroidManifest.xml:45:13-58
activity#de.schulz.problemmelder.DescriptionActivity
ADDED from src\main\AndroidManifest.xml:49:10-54:20
	android:windowSoftInputMode
		ADDED from src\main\AndroidManifest.xml:52:13-64
	android:label
		ADDED from src\main\AndroidManifest.xml:51:13-45
	android:configChanges
		ADDED from src\main\AndroidManifest.xml:53:13-74
	android:name
		ADDED from src\main\AndroidManifest.xml:50:13-71
activity#de.schulz.problemmelder.WebMap
ADDED from src\main\AndroidManifest.xml:55:10-58:20
	android:label
		ADDED from src\main\AndroidManifest.xml:57:13-45
	android:name
		ADDED from src\main\AndroidManifest.xml:56:13-58
activity#de.schulz.problemmelder.UserSettingsActivity
ADDED from src\main\AndroidManifest.xml:59:9-62:20
	android:label
		ADDED from src\main\AndroidManifest.xml:61:13-45
	android:name
		ADDED from src\main\AndroidManifest.xml:60:13-72
activity#de.schulz.problemmelder.About
ADDED from src\main\AndroidManifest.xml:64:10-69:20
	android:label
		ADDED from src\main\AndroidManifest.xml:66:13-45
	android:theme
		ADDED from src\main\AndroidManifest.xml:67:13-56
	android:name
		ADDED from src\main\AndroidManifest.xml:65:13-57
supports-screens
ADDED from [org.osmdroid:osmdroid-android:5.0.1] AndroidManifest.xml:5:2-104
	android:largeScreens
		ADDED from [org.osmdroid:osmdroid-android:5.0.1] AndroidManifest.xml:5:46-73
	android:anyDensity
		ADDED from [org.osmdroid:osmdroid-android:5.0.1] AndroidManifest.xml:5:20-45
	android:normalScreens
		ADDED from [org.osmdroid:osmdroid-android:5.0.1] AndroidManifest.xml:5:74-102
uses-permission#android.permission.READ_EXTERNAL_STORAGE
ADDED from [org.osmdroid:osmdroid-android:5.0.1] AndroidManifest.xml:13:2-76
	android:name
		ADDED from [org.osmdroid:osmdroid-android:5.0.1] AndroidManifest.xml:13:19-74
uses-feature#android.hardware.telephony
ADDED from [org.osmdroid:osmdroid-android:5.0.1] AndroidManifest.xml:17:2-84
	android:required
		ADDED from [org.osmdroid:osmdroid-android:5.0.1] AndroidManifest.xml:17:58-82
	android:name
		ADDED from [org.osmdroid:osmdroid-android:5.0.1] AndroidManifest.xml:17:16-57